<?xml version="1.0" encoding="UTF-8"?>
<testng-results ignored="0" total="6" passed="4" failed="2" skipped="0">
  <reporter-output>
  </reporter-output>
  <suite started-at="2024-03-14T22:13:14 IST" name="Suite" finished-at="2024-03-14T22:14:10 IST" duration-ms="55488">
    <groups>
    </groups>
    <test started-at="2024-03-14T22:13:14 IST" name="Test" finished-at="2024-03-14T22:14:10 IST" duration-ms="55488">
      <class name="com.application.tests.ApplicationTest">
        <test-method is-config="true" signature="setupReport()[pri:0, instance:com.application.tests.ApplicationTest@58cbafc2]" started-at="2024-03-14T22:13:14 IST" name="setupReport" finished-at="2024-03-14T22:13:14 IST" duration-ms="191" status="PASS">
          <reporter-output>
          </reporter-output>
        </test-method> <!-- setupReport -->
        <test-method is-config="true" signature="launchBrowser(java.lang.String)[pri:0, instance:com.application.tests.ApplicationTest@58cbafc2]" started-at="2024-03-14T22:13:14 IST" name="launchBrowser" finished-at="2024-03-14T22:13:17 IST" duration-ms="2218" status="PASS">
          <params>
            <param index="0">
              <value>
                <![CDATA[chrome]]>
              </value>
            </param>
          </params>
          <reporter-output>
          </reporter-output>
        </test-method> <!-- launchBrowser -->
        <test-method is-config="true" signature="initializePageClassesWithDriver()[pri:0, instance:com.application.tests.ApplicationTest@58cbafc2]" started-at="2024-03-14T22:13:17 IST" name="initializePageClassesWithDriver" finished-at="2024-03-14T22:13:17 IST" depends-on-methods="com.framework.base.BasePage.launchBrowser" duration-ms="36" status="PASS">
          <reporter-output>
          </reporter-output>
        </test-method> <!-- initializePageClassesWithDriver -->
        <test-method signature="verifyApplicationLogo()[pri:1, instance:com.application.tests.ApplicationTest@58cbafc2]" started-at="2024-03-14T22:13:17 IST" name="verifyApplicationLogo" finished-at="2024-03-14T22:13:23 IST" duration-ms="6350" status="PASS">
          <reporter-output>
          </reporter-output>
        </test-method> <!-- verifyApplicationLogo -->
        <test-method is-config="true" signature="tearDownBrowser()[pri:0, instance:com.application.tests.ApplicationTest@58cbafc2]" started-at="2024-03-14T22:13:23 IST" name="tearDownBrowser" finished-at="2024-03-14T22:13:23 IST" duration-ms="151" status="PASS">
          <reporter-output>
          </reporter-output>
        </test-method> <!-- tearDownBrowser -->
        <test-method is-config="true" signature="launchBrowser(java.lang.String)[pri:0, instance:com.application.tests.ApplicationTest@58cbafc2]" started-at="2024-03-14T22:13:23 IST" name="launchBrowser" finished-at="2024-03-14T22:13:25 IST" duration-ms="1456" status="PASS">
          <params>
            <param index="0">
              <value>
                <![CDATA[chrome]]>
              </value>
            </param>
          </params>
          <reporter-output>
          </reporter-output>
        </test-method> <!-- launchBrowser -->
        <test-method is-config="true" signature="initializePageClassesWithDriver()[pri:0, instance:com.application.tests.ApplicationTest@58cbafc2]" started-at="2024-03-14T22:13:25 IST" name="initializePageClassesWithDriver" finished-at="2024-03-14T22:13:25 IST" depends-on-methods="com.framework.base.BasePage.launchBrowser" duration-ms="3" status="PASS">
          <reporter-output>
          </reporter-output>
        </test-method> <!-- initializePageClassesWithDriver -->
        <test-method signature="verifyApplicationCaption()[pri:2, instance:com.application.tests.ApplicationTest@58cbafc2]" started-at="2024-03-14T22:13:25 IST" name="verifyApplicationCaption" finished-at="2024-03-14T22:13:28 IST" duration-ms="3598" status="PASS">
          <reporter-output>
          </reporter-output>
        </test-method> <!-- verifyApplicationCaption -->
        <test-method is-config="true" signature="tearDownBrowser()[pri:0, instance:com.application.tests.ApplicationTest@58cbafc2]" started-at="2024-03-14T22:13:28 IST" name="tearDownBrowser" finished-at="2024-03-14T22:13:29 IST" duration-ms="108" status="PASS">
          <reporter-output>
          </reporter-output>
        </test-method> <!-- tearDownBrowser -->
        <test-method is-config="true" signature="launchBrowser(java.lang.String)[pri:0, instance:com.application.tests.ApplicationTest@58cbafc2]" started-at="2024-03-14T22:13:29 IST" name="launchBrowser" finished-at="2024-03-14T22:13:30 IST" duration-ms="1440" status="PASS">
          <params>
            <param index="0">
              <value>
                <![CDATA[chrome]]>
              </value>
            </param>
          </params>
          <reporter-output>
          </reporter-output>
        </test-method> <!-- launchBrowser -->
        <test-method is-config="true" signature="initializePageClassesWithDriver()[pri:0, instance:com.application.tests.ApplicationTest@58cbafc2]" started-at="2024-03-14T22:13:30 IST" name="initializePageClassesWithDriver" finished-at="2024-03-14T22:13:30 IST" depends-on-methods="com.framework.base.BasePage.launchBrowser" duration-ms="2" status="PASS">
          <reporter-output>
          </reporter-output>
        </test-method> <!-- initializePageClassesWithDriver -->
        <test-method signature="verifyApplicationLoginPageHeader()[pri:3, instance:com.application.tests.ApplicationTest@58cbafc2]" started-at="2024-03-14T22:13:30 IST" name="verifyApplicationLoginPageHeader" finished-at="2024-03-14T22:13:36 IST" duration-ms="5781" status="PASS">
          <reporter-output>
          </reporter-output>
        </test-method> <!-- verifyApplicationLoginPageHeader -->
        <test-method is-config="true" signature="tearDownBrowser()[pri:0, instance:com.application.tests.ApplicationTest@58cbafc2]" started-at="2024-03-14T22:13:36 IST" name="tearDownBrowser" finished-at="2024-03-14T22:13:36 IST" duration-ms="111" status="PASS">
          <reporter-output>
          </reporter-output>
        </test-method> <!-- tearDownBrowser -->
        <test-method is-config="true" signature="launchBrowser(java.lang.String)[pri:0, instance:com.application.tests.ApplicationTest@58cbafc2]" started-at="2024-03-14T22:13:37 IST" name="launchBrowser" finished-at="2024-03-14T22:13:38 IST" duration-ms="1521" status="PASS">
          <params>
            <param index="0">
              <value>
                <![CDATA[chrome]]>
              </value>
            </param>
          </params>
          <reporter-output>
          </reporter-output>
        </test-method> <!-- launchBrowser -->
        <test-method is-config="true" signature="initializePageClassesWithDriver()[pri:0, instance:com.application.tests.ApplicationTest@58cbafc2]" started-at="2024-03-14T22:13:38 IST" name="initializePageClassesWithDriver" finished-at="2024-03-14T22:13:38 IST" depends-on-methods="com.framework.base.BasePage.launchBrowser" duration-ms="3" status="PASS">
          <reporter-output>
          </reporter-output>
        </test-method> <!-- initializePageClassesWithDriver -->
        <test-method signature="verifyApplicationLogin(java.lang.String,java.lang.String)[pri:4, instance:com.application.tests.ApplicationTest@58cbafc2]" started-at="2024-03-14T22:13:38 IST" name="verifyApplicationLogin" data-provider="testdata" finished-at="2024-03-14T22:13:46 IST" duration-ms="7740" status="PASS">
          <params>
            <param index="0">
              <value>
                <![CDATA[admin]]>
              </value>
            </param>
            <param index="1">
              <value>
                <![CDATA[admin]]>
              </value>
            </param>
          </params>
          <reporter-output>
          </reporter-output>
        </test-method> <!-- verifyApplicationLogin -->
        <test-method is-config="true" signature="tearDownBrowser()[pri:0, instance:com.application.tests.ApplicationTest@58cbafc2]" started-at="2024-03-14T22:13:46 IST" name="tearDownBrowser" finished-at="2024-03-14T22:13:46 IST" duration-ms="98" status="PASS">
          <reporter-output>
          </reporter-output>
        </test-method> <!-- tearDownBrowser -->
        <test-method is-config="true" signature="launchBrowser(java.lang.String)[pri:0, instance:com.application.tests.ApplicationTest@58cbafc2]" started-at="2024-03-14T22:13:46 IST" name="launchBrowser" finished-at="2024-03-14T22:13:48 IST" duration-ms="1488" status="PASS">
          <params>
            <param index="0">
              <value>
                <![CDATA[chrome]]>
              </value>
            </param>
          </params>
          <reporter-output>
          </reporter-output>
        </test-method> <!-- launchBrowser -->
        <test-method is-config="true" signature="initializePageClassesWithDriver()[pri:0, instance:com.application.tests.ApplicationTest@58cbafc2]" started-at="2024-03-14T22:13:48 IST" name="initializePageClassesWithDriver" finished-at="2024-03-14T22:13:48 IST" depends-on-methods="com.framework.base.BasePage.launchBrowser" duration-ms="2" status="PASS">
          <reporter-output>
          </reporter-output>
        </test-method> <!-- initializePageClassesWithDriver -->
        <test-method signature="verifyApplicationLogin(java.lang.String,java.lang.String)[pri:4, instance:com.application.tests.ApplicationTest@58cbafc2]" started-at="2024-03-14T22:13:48 IST" name="verifyApplicationLogin" data-provider="testdata" finished-at="2024-03-14T22:14:02 IST" duration-ms="14679" status="FAIL">
          <params>
            <param index="0">
              <value>
                <![CDATA[Invalid]]>
              </value>
            </param>
            <param index="1">
              <value>
                <![CDATA[Invalid]]>
              </value>
            </param>
          </params>
          <exception class="org.openqa.selenium.TimeoutException">
            <message>
              <![CDATA[Expected condition failed: waiting for number of elements found by By.xpath: //h2[text()='Account Services'] to be more than "0". Current number: "0" (tried for 10 second(s) with 500 milliseconds interval)
Build info: version: '4.18.0', revision: 'b6bf9de7cc*'
System info: os.name: 'Windows 10', os.arch: 'amd64', os.version: '10.0', java.version: '17.0.1'
Driver info: org.openqa.selenium.chrome.ChromeDriver
Capabilities {acceptInsecureCerts: false, browserName: chrome, browserVersion: 121.0.6167.185, chrome: {chromedriverVersion: 121.0.6167.184 (057a8ae7deb..., userDataDir: C:\Users\india\AppData\Loca...}, fedcm:accounts: true, goog:chromeOptions: {debuggerAddress: localhost:54520}, networkConnectionEnabled: false, pageLoadStrategy: normal, platformName: windows, proxy: Proxy(), se:cdp: ws://localhost:54520/devtoo..., se:cdpVersion: 121.0.6167.185, setWindowRect: true, strictFileInteractability: false, timeouts: {implicit: 0, pageLoad: 300000, script: 30000}, unhandledPromptBehavior: dismiss and notify, webauthn:extension:credBlob: true, webauthn:extension:largeBlob: true, webauthn:extension:minPinLength: true, webauthn:extension:prf: true, webauthn:virtualAuthenticators: true}
Session ID: d2b782f6911040cbd43336a611a1f4dc]]>
            </message>
            <full-stacktrace>
              <![CDATA[org.openqa.selenium.TimeoutException: Expected condition failed: waiting for number of elements found by By.xpath: //h2[text()='Account Services'] to be more than "0". Current number: "0" (tried for 10 second(s) with 500 milliseconds interval)
Build info: version: '4.18.0', revision: 'b6bf9de7cc*'
System info: os.name: 'Windows 10', os.arch: 'amd64', os.version: '10.0', java.version: '17.0.1'
Driver info: org.openqa.selenium.chrome.ChromeDriver
Capabilities {acceptInsecureCerts: false, browserName: chrome, browserVersion: 121.0.6167.185, chrome: {chromedriverVersion: 121.0.6167.184 (057a8ae7deb..., userDataDir: C:\Users\india\AppData\Loca...}, fedcm:accounts: true, goog:chromeOptions: {debuggerAddress: localhost:54520}, networkConnectionEnabled: false, pageLoadStrategy: normal, platformName: windows, proxy: Proxy(), se:cdp: ws://localhost:54520/devtoo..., se:cdpVersion: 121.0.6167.185, setWindowRect: true, strictFileInteractability: false, timeouts: {implicit: 0, pageLoad: 300000, script: 30000}, unhandledPromptBehavior: dismiss and notify, webauthn:extension:credBlob: true, webauthn:extension:largeBlob: true, webauthn:extension:minPinLength: true, webauthn:extension:prf: true, webauthn:virtualAuthenticators: true}
Session ID: d2b782f6911040cbd43336a611a1f4dc
at org.openqa.selenium.support.ui.WebDriverWait.timeoutException(WebDriverWait.java:84)
at org.openqa.selenium.support.ui.FluentWait.until(FluentWait.java:228)
at com.framework.commons.WebCommons.waitForElement(WebCommons.java:77)
at com.application.steps.HomePageSteps.verifyLoginIsSuccessful(HomePageSteps.java:15)
at com.application.tests.ApplicationTest.verifyApplicationLogin(ApplicationTest.java:37)
at java.base/jdk.internal.reflect.NativeMethodAccessorImpl.invoke0(Native Method)
at java.base/jdk.internal.reflect.NativeMethodAccessorImpl.invoke(NativeMethodAccessorImpl.java:77)
at java.base/jdk.internal.reflect.DelegatingMethodAccessorImpl.invoke(DelegatingMethodAccessorImpl.java:43)
at java.base/java.lang.reflect.Method.invoke(Method.java:568)
at org.testng.internal.invokers.MethodInvocationHelper.invokeMethod(MethodInvocationHelper.java:139)
at org.testng.internal.invokers.TestInvoker.invokeMethod(TestInvoker.java:664)
at org.testng.internal.invokers.TestInvoker.invokeTestMethod(TestInvoker.java:228)
at org.testng.internal.invokers.MethodRunner.runInSequence(MethodRunner.java:63)
at org.testng.internal.invokers.TestInvoker$MethodInvocationAgent.invoke(TestInvoker.java:961)
at org.testng.internal.invokers.TestInvoker.invokeTestMethods(TestInvoker.java:201)
at org.testng.internal.invokers.TestMethodWorker.invokeTestMethods(TestMethodWorker.java:148)
at org.testng.internal.invokers.TestMethodWorker.run(TestMethodWorker.java:128)
at java.base/java.util.ArrayList.forEach(ArrayList.java:1511)
at org.testng.TestRunner.privateRun(TestRunner.java:819)
at org.testng.TestRunner.run(TestRunner.java:619)
at org.testng.SuiteRunner.runTest(SuiteRunner.java:443)
at org.testng.SuiteRunner.runSequentially(SuiteRunner.java:437)
at org.testng.SuiteRunner.privateRun(SuiteRunner.java:397)
at org.testng.SuiteRunner.run(SuiteRunner.java:336)
at org.testng.SuiteRunnerWorker.runSuite(SuiteRunnerWorker.java:52)
at org.testng.SuiteRunnerWorker.run(SuiteRunnerWorker.java:95)
at org.testng.TestNG.runSuitesSequentially(TestNG.java:1301)
at org.testng.TestNG.runSuitesLocally(TestNG.java:1228)
at org.testng.TestNG.runSuites(TestNG.java:1134)
at org.testng.TestNG.run(TestNG.java:1101)
at org.testng.remote.AbstractRemoteTestNG.run(AbstractRemoteTestNG.java:115)
at org.testng.remote.RemoteTestNG.initAndRun(RemoteTestNG.java:251)
at org.testng.remote.RemoteTestNG.main(RemoteTestNG.java:77)
]]>
            </full-stacktrace>
          </exception> <!-- org.openqa.selenium.TimeoutException -->
          <reporter-output>
          </reporter-output>
        </test-method> <!-- verifyApplicationLogin -->
        <test-method is-config="true" signature="tearDownBrowser()[pri:0, instance:com.application.tests.ApplicationTest@58cbafc2]" started-at="2024-03-14T22:14:02 IST" name="tearDownBrowser" finished-at="2024-03-14T22:14:03 IST" duration-ms="130" status="PASS">
          <reporter-output>
          </reporter-output>
        </test-method> <!-- tearDownBrowser -->
        <test-method is-config="true" signature="launchBrowser(java.lang.String)[pri:0, instance:com.application.tests.ApplicationTest@58cbafc2]" started-at="2024-03-14T22:14:03 IST" name="launchBrowser" finished-at="2024-03-14T22:14:04 IST" duration-ms="1443" status="PASS">
          <params>
            <param index="0">
              <value>
                <![CDATA[chrome]]>
              </value>
            </param>
          </params>
          <reporter-output>
          </reporter-output>
        </test-method> <!-- launchBrowser -->
        <test-method is-config="true" signature="initializePageClassesWithDriver()[pri:0, instance:com.application.tests.ApplicationTest@58cbafc2]" started-at="2024-03-14T22:14:04 IST" name="initializePageClassesWithDriver" finished-at="2024-03-14T22:14:04 IST" depends-on-methods="com.framework.base.BasePage.launchBrowser" duration-ms="2" status="PASS">
          <reporter-output>
          </reporter-output>
        </test-method> <!-- initializePageClassesWithDriver -->
        <test-method signature="verifyApplicationLogin(java.lang.String,java.lang.String)[pri:4, instance:com.application.tests.ApplicationTest@58cbafc2]" started-at="2024-03-14T22:14:04 IST" name="verifyApplicationLogin" data-provider="testdata" finished-at="2024-03-14T22:14:09 IST" duration-ms="5347" status="FAIL">
          <params>
            <param index="0">
              <value is-null="true"/>
            </param>
            <param index="1">
              <value is-null="true"/>
            </param>
          </params>
          <exception class="java.lang.IllegalArgumentException">
            <message>
              <![CDATA[Keys to send should be a not null CharSequence]]>
            </message>
            <full-stacktrace>
              <![CDATA[java.lang.IllegalArgumentException: Keys to send should be a not null CharSequence
at org.openqa.selenium.remote.RemoteWebElement.sendKeys(RemoteWebElement.java:96)
at java.base/jdk.internal.reflect.NativeMethodAccessorImpl.invoke0(Native Method)
at java.base/jdk.internal.reflect.NativeMethodAccessorImpl.invoke(NativeMethodAccessorImpl.java:77)
at java.base/jdk.internal.reflect.DelegatingMethodAccessorImpl.invoke(DelegatingMethodAccessorImpl.java:43)
at java.base/java.lang.reflect.Method.invoke(Method.java:568)
at org.openqa.selenium.support.pagefactory.internal.LocatingElementHandler.invoke(LocatingElementHandler.java:51)
at jdk.proxy2/jdk.proxy2.$Proxy15.sendKeys(Unknown Source)
at com.framework.commons.WebCommons.enterInfo(WebCommons.java:49)
at com.application.steps.LoginPageSteps.enterCredentials(LoginPageSteps.java:41)
at com.application.tests.ApplicationTest.verifyApplicationLogin(ApplicationTest.java:35)
at java.base/jdk.internal.reflect.NativeMethodAccessorImpl.invoke0(Native Method)
at java.base/jdk.internal.reflect.NativeMethodAccessorImpl.invoke(NativeMethodAccessorImpl.java:77)
at java.base/jdk.internal.reflect.DelegatingMethodAccessorImpl.invoke(DelegatingMethodAccessorImpl.java:43)
at java.base/java.lang.reflect.Method.invoke(Method.java:568)
at org.testng.internal.invokers.MethodInvocationHelper.invokeMethod(MethodInvocationHelper.java:139)
at org.testng.internal.invokers.TestInvoker.invokeMethod(TestInvoker.java:664)
at org.testng.internal.invokers.TestInvoker.invokeTestMethod(TestInvoker.java:228)
at org.testng.internal.invokers.MethodRunner.runInSequence(MethodRunner.java:63)
at org.testng.internal.invokers.TestInvoker$MethodInvocationAgent.invoke(TestInvoker.java:961)
at org.testng.internal.invokers.TestInvoker.invokeTestMethods(TestInvoker.java:201)
at org.testng.internal.invokers.TestMethodWorker.invokeTestMethods(TestMethodWorker.java:148)
at org.testng.internal.invokers.TestMethodWorker.run(TestMethodWorker.java:128)
at java.base/java.util.ArrayList.forEach(ArrayList.java:1511)
at org.testng.TestRunner.privateRun(TestRunner.java:819)
at org.testng.TestRunner.run(TestRunner.java:619)
at org.testng.SuiteRunner.runTest(SuiteRunner.java:443)
at org.testng.SuiteRunner.runSequentially(SuiteRunner.java:437)
at org.testng.SuiteRunner.privateRun(SuiteRunner.java:397)
at org.testng.SuiteRunner.run(SuiteRunner.java:336)
at org.testng.SuiteRunnerWorker.runSuite(SuiteRunnerWorker.java:52)
at org.testng.SuiteRunnerWorker.run(SuiteRunnerWorker.java:95)
at org.testng.TestNG.runSuitesSequentially(TestNG.java:1301)
at org.testng.TestNG.runSuitesLocally(TestNG.java:1228)
at org.testng.TestNG.runSuites(TestNG.java:1134)
at org.testng.TestNG.run(TestNG.java:1101)
at org.testng.remote.AbstractRemoteTestNG.run(AbstractRemoteTestNG.java:115)
at org.testng.remote.RemoteTestNG.initAndRun(RemoteTestNG.java:251)
at org.testng.remote.RemoteTestNG.main(RemoteTestNG.java:77)
]]>
            </full-stacktrace>
          </exception> <!-- java.lang.IllegalArgumentException -->
          <reporter-output>
          </reporter-output>
        </test-method> <!-- verifyApplicationLogin -->
        <test-method is-config="true" signature="tearDownBrowser()[pri:0, instance:com.application.tests.ApplicationTest@58cbafc2]" started-at="2024-03-14T22:14:10 IST" name="tearDownBrowser" finished-at="2024-03-14T22:14:10 IST" duration-ms="146" status="PASS">
          <reporter-output>
          </reporter-output>
        </test-method> <!-- tearDownBrowser -->
      </class> <!-- com.application.tests.ApplicationTest -->
    </test> <!-- Test -->
  </suite> <!-- Suite -->
</testng-results>
